Update Managed Component C1 From CMP-001-00198-28[CL10B104KA8NNNC] To CMP-001-00198-28[CL10B104KA8NNNC] in 01_MCU.SchDoc
Update Managed Component C2 From CMP-001-00489-27[CL21A226MQQNNNE] To CMP-001-00489-27[CL21A226MQQNNNE] in 01_MCU.SchDoc
Update Managed Component C3 From CMP-001-00192-28[CL10B105KO8NNNC] To CMP-001-00192-28[CL10B105KO8NNNC] in 01_MCU.SchDoc
Update Managed Component C4 From CMP-001-00197-28[CL10B104JA8NNNC] To CMP-001-00197-28[CL10B104JA8NNNC] in 01_MCU.SchDoc
Update Managed Component D1 From CMP-004-00002-1[SS1040_R1_00001] To CMP-004-00002-1[SS1040_R1_00001] in 01_MCU.SchDoc
Update Managed Component FB1 From CMP-002-000813-2[742792641] To CMP-002-000813-2[742792641] in 01_MCU.SchDoc
Update Managed Component FB2 From CMP-002-000813-2[742792641] To CMP-002-000813-2[742792641] in 01_MCU.SchDoc
Update Managed Component J1 From CMP-002-00004-2[61001621121] To CMP-002-00004-2[61001621121] in 01_MCU.SchDoc
Update Managed Component J2 From CMP-002-000810-2[B2B-XH-A] To CMP-002-000810-2[B2B-XH-A] in 01_MCU.SchDoc
Update Managed Component J3 From CMP-002-000810-2[B2B-XH-A] To CMP-002-000810-2[B2B-XH-A] in 01_MCU.SchDoc
Update Managed Component J4 From CMP-002-000812-2[B4B-XH-A] To CMP-002-000812-2[B4B-XH-A] in 01_MCU.SchDoc
Update Managed Component J5 From CMP-002-000810-2[B2B-XH-A] To CMP-002-000810-2[B2B-XH-A] in 01_MCU.SchDoc
Update Managed Component J6 From CMP-002-000811-2[B3B-XH-A] To CMP-002-000811-2[B3B-XH-A] in 01_MCU.SchDoc
Update Managed Component Q1 From CMP-013-00000-3[MBT3904DW1T1G] To CMP-013-00000-3[MBT3904DW1T1G] in 01_MCU.SchDoc
Update Managed Component Q1 From CMP-013-00000-3[MBT3904DW1T1G] To CMP-013-00000-3[MBT3904DW1T1G] in 01_MCU.SchDoc
Update Managed Component R1 From CMP-002-004901-43[RC0603FR-0710KL] To CMP-002-004901-43[RC0603FR-0710KL] in 01_MCU.SchDoc
Update Managed Component R2 From CMP-002-004901-43[RC0603FR-0710KL] To CMP-002-004901-43[RC0603FR-0710KL] in 01_MCU.SchDoc
Update Managed Component R3 From CMP-002-004901-43[RC0603FR-0710KL] To CMP-002-004901-43[RC0603FR-0710KL] in 01_MCU.SchDoc
Update Managed Component R4 From CMP-002-004901-43[RC0603FR-0710KL] To CMP-002-004901-43[RC0603FR-0710KL] in 01_MCU.SchDoc
Update Managed Component R5 From CMP-002-004901-43[RC0603FR-0710KL] To CMP-002-004901-43[RC0603FR-0710KL] in 01_MCU.SchDoc
Update Managed Component R6 From CMP-002-000321-18[RC0603FR-072K2L] To CMP-002-000321-18[RC0603FR-072K2L] in 01_MCU.SchDoc
Update Managed Component R7 From CMP-002-004901-43[RC0603FR-0710KL] To CMP-002-004901-43[RC0603FR-0710KL] in 01_MCU.SchDoc
Update Managed Component R8 From CMP-002-000321-18[RC0603FR-072K2L] To CMP-002-000321-18[RC0603FR-072K2L] in 01_MCU.SchDoc
Update Managed Component R9 From CMP-002-004901-43[RC0603FR-0710KL] To CMP-002-004901-43[RC0603FR-0710KL] in 01_MCU.SchDoc
Update Managed Component R10 From CMP-002-004901-43[RC0603FR-0710KL] To CMP-002-004901-43[RC0603FR-0710KL] in 01_MCU.SchDoc
Update Managed Component R11 From CMP-002-004901-43[RC0603FR-0710KL] To CMP-002-004901-43[RC0603FR-0710KL] in 01_MCU.SchDoc
Update Managed Component R12 From CMP-002-000339-18[RC0603FR-0722KL] To CMP-002-000339-18[RC0603FR-0722KL] in 01_MCU.SchDoc
Update Managed Component R13 From CMP-002-000339-18[RC0603FR-0722KL] To CMP-002-000339-18[RC0603FR-0722KL] in 01_MCU.SchDoc
Update Managed Component R14 From CMP-002-000347-18[RC0603FR-0747KL] To CMP-002-000347-18[RC0603FR-0747KL] in 01_MCU.SchDoc
Update Managed Component R15 From CMP-002-000347-18[RC0603FR-0747KL] To CMP-002-000347-18[RC0603FR-0747KL] in 01_MCU.SchDoc
Update Managed Component U1 From CMP-013-000000-5[ESP32-WROOM-32D] To CMP-013-000000-5[ESP32-WROOM-32D] in 01_MCU.SchDoc
Update Managed Component U2 From CMP-001-0012-2[CP2102N-A02-GQFN24R] To CMP-001-0012-2[CP2102N-A02-GQFN24R] in 01_MCU.SchDoc
Update Managed Component U3 From CMP-001-0008-2[82400102] To CMP-001-0008-2[82400102] in 01_MCU.SchDoc
