Update Managed Component D2 From CMP-004-00002-1[SS1040_R1_00001] To CMP-004-00002-1[SS1040_R1_00001] in 02_Power.SchDoc
Update Managed Component D3 From CMP-004-00001-1[SML-D12P8WT86] To CMP-004-00001-1[SML-D12P8WT86] in 02_Power.SchDoc
Update Managed Component D4 From CMP-004-00002-1[SS1040_R1_00001] To CMP-004-00002-1[SS1040_R1_00001] in 02_Power.SchDoc
Update Managed Component D5 From CMP-004-00001-1[SML-D12P8WT86] To CMP-004-00001-1[SML-D12P8WT86] in 02_Power.SchDoc
Update Managed Component D6 From CMP-004-00002-1[SS1040_R1_00001] To CMP-004-00002-1[SS1040_R1_00001] in 02_Power.SchDoc
Update Managed Component D7 From CMP-004-00001-1[SML-D12P8WT86] To CMP-004-00001-1[SML-D12P8WT86] in 02_Power.SchDoc
Update Managed Component J7 From CMP-003-000003-2[691137710003] To CMP-003-000003-2[691137710003] in 02_Power.SchDoc
Update Managed Component J8 From CMP-003-000002-2[691137710002] To CMP-003-000002-2[691137710002] in 02_Power.SchDoc
Update Managed Component J9 From CMP-003-000003-2[691137710003] To CMP-003-000003-2[691137710003] in 02_Power.SchDoc
Update Managed Component K1 From CMP-002-000814-3[40.52.9.012.0000] To CMP-002-000814-3[40.52.9.012.0000] in 02_Power.SchDoc
Update Managed Component K2 From CMP-002-000814-3[40.52.9.012.0000] To CMP-002-000814-3[40.52.9.012.0000] in 02_Power.SchDoc
Update Managed Component K3 From CMP-002-000814-3[40.52.9.012.0000] To CMP-002-000814-3[40.52.9.012.0000] in 02_Power.SchDoc
Update Managed Component Q2 From CMP-013-00000-3[MBT3904DW1T1G] To CMP-013-00000-3[MBT3904DW1T1G] in 02_Power.SchDoc
Update Managed Component Q3 From CMP-013-00000-3[MBT3904DW1T1G] To CMP-013-00000-3[MBT3904DW1T1G] in 02_Power.SchDoc
Update Managed Component Q4 From CMP-013-00000-3[MBT3904DW1T1G] To CMP-013-00000-3[MBT3904DW1T1G] in 02_Power.SchDoc
Update Managed Component R16 From CMP-002-000329-18[RC0603FR-074K7L] To CMP-002-000329-18[RC0603FR-074K7L] in 02_Power.SchDoc
Update Managed Component R17 From CMP-002-004805-43[RC0603FR-071KL] To CMP-002-004805-43[RC0603FR-071KL] in 02_Power.SchDoc
Update Managed Component R18 From CMP-002-004901-43[RC0603FR-0710KL] To CMP-002-004901-43[RC0603FR-0710KL] in 02_Power.SchDoc
Update Managed Component R19 From CMP-002-000329-18[RC0603FR-074K7L] To CMP-002-000329-18[RC0603FR-074K7L] in 02_Power.SchDoc
Update Managed Component R20 From CMP-002-000329-18[RC0603FR-074K7L] To CMP-002-000329-18[RC0603FR-074K7L] in 02_Power.SchDoc
Update Managed Component R21 From CMP-002-004805-43[RC0603FR-071KL] To CMP-002-004805-43[RC0603FR-071KL] in 02_Power.SchDoc
Update Managed Component R22 From CMP-002-004901-43[RC0603FR-0710KL] To CMP-002-004901-43[RC0603FR-0710KL] in 02_Power.SchDoc
Update Managed Component R23 From CMP-002-004805-43[RC0603FR-071KL] To CMP-002-004805-43[RC0603FR-071KL] in 02_Power.SchDoc
Update Managed Component R24 From CMP-002-004901-43[RC0603FR-0710KL] To CMP-002-004901-43[RC0603FR-0710KL] in 02_Power.SchDoc
Update Managed Component U4 From CMP-002-000000-3[TMPS 03-112] To CMP-002-000000-3[TMPS 03-112] in 02_Power.SchDoc
Update Managed Component U5 From CMP-002-000808-1[TSR 0.5-2433] To CMP-002-000808-1[TSR 0.5-2433] in 02_Power.SchDoc
Update Managed Component XF1 From CMP-003-000004-2[696103201002] To CMP-003-000004-2[696103201002] in 02_Power.SchDoc
