Removed Pin From Net: NetName=NetJ8_2 Pin=J8-2
Removed Pin From Net: NetName=VCC Pin=R10-2
Removed Member From Class: ClassName=01_MCU Member=C?
Removed Member From Class: ClassName=01_MCU Member=R?
Removed Member From Class: ClassName=03_Flow Member=R?
Change Component Designator: OldDesignator=C4 NewDesignator=C6
Change Component Designator: OldDesignator=C? NewDesignator=C4
Change Component Designator: OldDesignator=C? NewDesignator=C5
Change Component Designator: OldDesignator=C? NewDesignator=C7
Change Component Designator: OldDesignator=J5 NewDesignator=J6
Change Component Designator: OldDesignator=J6 NewDesignator=J5
Change Component Designator: OldDesignator=J? NewDesignator=J10
Change Component Designator: OldDesignator=J? NewDesignator=J11
Change Component Designator: OldDesignator=R11 NewDesignator=R12
Change Component Designator: OldDesignator=R12 NewDesignator=R15
Change Component Designator: OldDesignator=R13 NewDesignator=R16
Change Component Designator: OldDesignator=R14 NewDesignator=R18
Change Component Designator: OldDesignator=R15 NewDesignator=R19
Change Component Designator: OldDesignator=R16 NewDesignator=R20
Change Component Designator: OldDesignator=R17 NewDesignator=R21
Change Component Designator: OldDesignator=R18 NewDesignator=R22
Change Component Designator: OldDesignator=R19 NewDesignator=R23
Change Component Designator: OldDesignator=R20 NewDesignator=R24
Change Component Designator: OldDesignator=R21 NewDesignator=R25
Change Component Designator: OldDesignator=R22 NewDesignator=R26
Change Component Designator: OldDesignator=R23 NewDesignator=R27
Change Component Designator: OldDesignator=R24 NewDesignator=R28
Change Component Designator: OldDesignator=R? NewDesignator=R10
Change Component Designator: OldDesignator=R? NewDesignator=R11
Change Component Designator: OldDesignator=R? NewDesignator=R13
Change Component Designator: OldDesignator=R? NewDesignator=R14
Change Component Designator: OldDesignator=R? NewDesignator=R17
Change Component Designator: OldDesignator=R? NewDesignator=R29
Change Component Designator: OldDesignator=U? NewDesignator=U6
Change Managed Component Library Link : Designator=J11 Old VaultGUID=03df2295-8bd5-4746-b348-790ea8a0d67d New VaultGUID=03df2295-8bd5-4746-b348-790ea8a0d67d Old ItemGUID=F7948B08-379C-45E2-B929-21F4BEBF4D15 New ItemGUID=F7948B08-379C-45E2-B929-21F4BEBF4D15 Old RevisionGUID=6D5CB4A4-61EF-4E13-9474-260845C119B4 New RevisionGUID=440c82a5-336c-4699-937f-7b6ab37bb6ee
Change component parameters: Designator = "J?" ("J11"); Footprint = "61200621621"; UniqueID = "\DHPVYAPD" ("\DHPVYAPD")
Change component parameters (AddParameter): Name = "Creator"; Value = "MSt 13-02-22"; VariantName = "[No Variations]"
Change component parameters (AddParameter): Name = "Design Item ID"; Value = "61200621621"; VariantName = "[No Variations]"
Change component parameters (AddParameter): Name = "Distributor"; Value = "Digikey"; VariantName = "[No Variations]"
Change component parameters (AddParameter): Name = "Distributor Ordering Code"; Value = "732-5394-ND"; VariantName = "[No Variations]"
Change component parameters (AddParameter): Name = "Manufacturer"; Value = "Wuerth Elektronik"; VariantName = "[No Variations]"
Change component parameters (AddParameter): Name = "Manufacturer Part Number"; Value = "61200621621"; VariantName = "[No Variations]"
Change component parameters (AddParameter): Name = "Maximum Operating Temperature"; Value = "105"; VariantName = "[No Variations]"
Change component parameters (AddParameter): Name = "Minimum Operating Temperature"; Value = "-40"; VariantName = "[No Variations]"
Change component parameters (AddParameter): Name = "Mounting Type"; Value = "THT"; VariantName = "[No Variations]"
Change component parameters (AddParameter): Name = "Packaging"; Value = "Tray"; VariantName = "[No Variations]"
Change component parameters (AddParameter): Name = "Pad Count"; Value = "6"; VariantName = "[No Variations]"
Change component parameters (AddParameter): Name = "RoHS"; Value = "Yes"; VariantName = "[No Variations]"
Added Component: Designator=J8(691137710003)
Add component (AddParameter): Name = "Creator"; Value = "MSt 08-12-21"; VariantName = "[No Variations]"
Add component (AddParameter): Name = "Distributor"; Value = "Digikey"; VariantName = "[No Variations]"
Add component (AddParameter): Name = "Distributor Ordering Code"; Value = "732-10956-ND"; VariantName = "[No Variations]"
Add component (AddParameter): Name = "Manufacturer"; Value = "Wuerth Elektronik"; VariantName = "[No Variations]"
Add component (AddParameter): Name = "Manufacturer Part Number"; Value = "691137710003"; VariantName = "[No Variations]"
Add component (AddParameter): Name = "Maximum Operating Temperature"; Value = "110"; VariantName = "[No Variations]"
Add component (AddParameter): Name = "Minimum Operating Temperature"; Value = "-30"; VariantName = "[No Variations]"
Add component (AddParameter): Name = "Mounting Type"; Value = "THT"; VariantName = "[No Variations]"
Add component (AddParameter): Name = "Packaging"; Value = "bag"; VariantName = "[No Variations]"
Add component (AddParameter): Name = "Pad Count"; Value = "3"; VariantName = "[No Variations]"
Add component (AddParameter): Name = "Placed"; Value = "yes"; VariantName = "[No Variations]"
Add component (AddParameter): Name = "Revision Status"; Value = "yes"; VariantName = "[No Variations]"
Add component (AddParameter): Name = "RoHS"; Value = "yes"; VariantName = "[No Variations]"
Add Pin To Net: Unknown Pin: Pin D1-1
Add Pin To Net: Unknown Pin: Pin D1-2
Add Pin To Net: Unknown Pin: Pin D2-1
Add Pin To Net: Unknown Pin: Pin D2-2
Add Pin To Net: Unknown Pin: Pin D4-1
Add Pin To Net: Unknown Pin: Pin D4-2
Add Pin To Net: Unknown Pin: Pin D6-1
Add Pin To Net: Unknown Pin: Pin D6-2
Added Pin To Net: NetName=PE Pin=J8-1
Added Pin To Net: NetName=NetJ8_2 Pin=J8-2
Added Pin To Net: NetName=HSPICLK Pin=U1-13
Added Pin To Net: NetName=HSPIQ Pin=U1-23
Added Pin To Net: NetName=HSPID Pin=U1-24
Change Net Name : Old Net Name=NetC?_2 New Net Name=NetC5_2
Change Net Name : Old Net Name=NetJ6_2 New Net Name=NetJ5_2
Change Net Name : Old Net Name=NetR11_1 New Net Name=NetR12_1
Change Net Name : Old Net Name=NetR21_2 New Net Name=NetR25_2
Added Pin To Net: NetName=NetJ8_3 Pin=J8-3
Added Pin To Net: NetName=NetJ8_3 Pin=K2-24
Added Net: Name=NetJ8_3
Added Pin To Net: NetName=NetR21_2 Pin=R21-2
Added Pin To Net: NetName=NetR21_2 Pin=U1-27
Added Net: Name=NetR21_2
Added Pin To Net: NetName=NetR27_2 Pin=R27-2
Added Pin To Net: NetName=NetR27_2 Pin=U1-28
Added Net: Name=NetR27_2
Added Member To Class: ClassName=01_MCU Member=Component C5 CL10B104KA8NNNC
Added Member To Class: ClassName=01_MCU Member=Component C6 CL10B104JA8NNNC
Added Member To Class: ClassName=03_Flow Member=Component J10 61300211121
Added Member To Class: ClassName=01_MCU Member=Component R16 RC0603FR-0722KL
Added Member To Class: ClassName=01_MCU Member=Component R17 RC0603FR-0718KL
Added Member To Class: ClassName=01_MCU Member=Component R18 RC0603FR-0747KL
Added Member To Class: ClassName=01_MCU Member=Component R19 RC0603FR-0747KL
Added Member To Class: ClassName=03_Flow Member=Component R29 RC0603FR-071KL
