Removed Pin From Net: NetName=NetD2_2 Pin=Q2-1
Removed Pin From Net: NetName=GND Pin=Q2-6
Removed Pin From Net: NetName=NetD4_2 Pin=Q3-1
Removed Pin From Net: NetName=GND Pin=Q3-6
Removed Pin From Net: NetName=NetD6_2 Pin=Q4-1
Removed Pin From Net: NetName=GND Pin=Q4-6
Removed Pin From Net: NetName=NetR17_2 Pin=R17-2
Removed Pin From Net: NetName=GND Pin=R18-1
Removed Pin From Net: NetName=GND Pin=R22-1
Removed Pin From Net: NetName=NetR23_2 Pin=R23-2
Removed Pin From Net: NetName=GND Pin=R24-1
Removed Pin From Net: NetName=GND Pin=U1-1
Removed Pin From Net: NetName=VCC Pin=U1-2
Removed Pin From Net: NetName=ESP32_EN Pin=U1-3
Removed Pin From Net: NetName=USR_BUTN Pin=U1-5
Removed Pin From Net: NetName=NetR21_2 Pin=U1-8
Removed Pin From Net: NetName=GND Pin=U1-15
Removed Pin From Net: NetName=GPIO0 Pin=U1-25
Removed Pin From Net: NetName=UART_RX Pin=U1-34
Removed Pin From Net: NetName=UART_TX Pin=U1-35
Removed Pin From Net: NetName=GND Pin=U1-38
Removed Pin From Net: NetName=GND Pin=U1-39
Change Component Footprint: Designator=J1 Old Footprint=61001621121 New Footprint=61001621121
Change Component Footprint: Designator=C1 Old Footprint=C_0603_B New Footprint=C_0603_B
Change Component Footprint: Designator=C3 Old Footprint=C_0603_B New Footprint=C_0603_B
Change Component Footprint: Designator=C4 Old Footprint=C_0603_B New Footprint=C_0603_B
Change Component Footprint: Designator=R1 Old Footprint=R_0603_B New Footprint=R_0603_B
Change Component Footprint: Designator=R2 Old Footprint=R_0603_B New Footprint=R_0603_B
Change Component Footprint: Designator=R3 Old Footprint=R_0603_B New Footprint=R_0603_B
Change Component Footprint: Designator=R4 Old Footprint=R_0603_B New Footprint=R_0603_B
Change Component Footprint: Designator=R5 Old Footprint=R_0603_B New Footprint=R_0603_B
Change Component Footprint: Designator=R10 Old Footprint=R_0603_B New Footprint=R_0603_B
Change Component Footprint: Designator=R11 Old Footprint=R_0603_B New Footprint=R_0603_B
Change Component Footprint: Designator=R12 Old Footprint=R_0603_B New Footprint=R_0603_B
Change Component Footprint: Designator=R13 Old Footprint=R_0603_B New Footprint=R_0603_B
Change Component Footprint: Designator=R14 Old Footprint=R_0603_B New Footprint=R_0603_B
Change Component Footprint: Designator=R15 Old Footprint=R_0603_B New Footprint=R_0603_B
Change Managed Component Library Link : Designator=C1 Old VaultGUID=03df2295-8bd5-4746-b348-790ea8a0d67d New VaultGUID=03df2295-8bd5-4746-b348-790ea8a0d67d Old ItemGUID=A3228B32-BF3E-4444-82F4-30A4BE3A83B5 New ItemGUID=A3228B32-BF3E-4444-82F4-30A4BE3A83B5 Old RevisionGUID=4D4FBB86-1E6D-421E-A2CF-138F122DA1F6 New RevisionGUID=D7F0D6CC-DD82-4CBD-A234-84637ED9F4E4
Change Managed Component Library Link : Designator=C3 Old VaultGUID=03df2295-8bd5-4746-b348-790ea8a0d67d New VaultGUID=03df2295-8bd5-4746-b348-790ea8a0d67d Old ItemGUID=FAF7255E-3471-4F59-B003-54717BBAFE7E New ItemGUID=FAF7255E-3471-4F59-B003-54717BBAFE7E Old RevisionGUID=004737A8-E4AF-415C-BBFF-393FC61E41AC New RevisionGUID=F5CA20B3-514B-48E3-AB62-22F8A3244479
Change Managed Component Library Link : Designator=C4 Old VaultGUID=03df2295-8bd5-4746-b348-790ea8a0d67d New VaultGUID=03df2295-8bd5-4746-b348-790ea8a0d67d Old ItemGUID=DC1A7F80-4D0F-459B-A48A-A1EAC0C9653E New ItemGUID=DC1A7F80-4D0F-459B-A48A-A1EAC0C9653E Old RevisionGUID=42E29B3C-0EE5-4409-B263-56EB1F73C10B New RevisionGUID=E3828E62-D180-41E1-899B-972C2145929F
Change Managed Component Library Link : Designator=J1 Old VaultGUID=03df2295-8bd5-4746-b348-790ea8a0d67d New VaultGUID=03df2295-8bd5-4746-b348-790ea8a0d67d Old ItemGUID=CB18EA75-72FE-4EF9-B0FB-BFDC4F7A59C2 New ItemGUID=CB18EA75-72FE-4EF9-B0FB-BFDC4F7A59C2 Old RevisionGUID=F455588D-72B4-4047-9960-A213CC82496E New RevisionGUID=246609BB-4D0B-485D-8E1B-24BBC9609781
Change Managed Component Library Link : Designator=R1 Old VaultGUID=03df2295-8bd5-4746-b348-790ea8a0d67d New VaultGUID=03df2295-8bd5-4746-b348-790ea8a0d67d Old ItemGUID=65949A97-099F-4215-B595-CEAD4DDF8604 New ItemGUID=65949A97-099F-4215-B595-CEAD4DDF8604 Old RevisionGUID=A88E370D-AEEC-4448-995B-A5FFCD9390B3 New RevisionGUID=2329E80E-0376-4F85-AF30-0105B973E548
Change Managed Component Library Link : Designator=R2 Old VaultGUID=03df2295-8bd5-4746-b348-790ea8a0d67d New VaultGUID=03df2295-8bd5-4746-b348-790ea8a0d67d Old ItemGUID=65949A97-099F-4215-B595-CEAD4DDF8604 New ItemGUID=65949A97-099F-4215-B595-CEAD4DDF8604 Old RevisionGUID=A88E370D-AEEC-4448-995B-A5FFCD9390B3 New RevisionGUID=2329E80E-0376-4F85-AF30-0105B973E548
Change Managed Component Library Link : Designator=R3 Old VaultGUID=03df2295-8bd5-4746-b348-790ea8a0d67d New VaultGUID=03df2295-8bd5-4746-b348-790ea8a0d67d Old ItemGUID=65949A97-099F-4215-B595-CEAD4DDF8604 New ItemGUID=65949A97-099F-4215-B595-CEAD4DDF8604 Old RevisionGUID=A88E370D-AEEC-4448-995B-A5FFCD9390B3 New RevisionGUID=2329E80E-0376-4F85-AF30-0105B973E548
Change Managed Component Library Link : Designator=R4 Old VaultGUID=03df2295-8bd5-4746-b348-790ea8a0d67d New VaultGUID=03df2295-8bd5-4746-b348-790ea8a0d67d Old ItemGUID=65949A97-099F-4215-B595-CEAD4DDF8604 New ItemGUID=65949A97-099F-4215-B595-CEAD4DDF8604 Old RevisionGUID=A88E370D-AEEC-4448-995B-A5FFCD9390B3 New RevisionGUID=2329E80E-0376-4F85-AF30-0105B973E548
Change Managed Component Library Link : Designator=R5 Old VaultGUID=03df2295-8bd5-4746-b348-790ea8a0d67d New VaultGUID=03df2295-8bd5-4746-b348-790ea8a0d67d Old ItemGUID=65949A97-099F-4215-B595-CEAD4DDF8604 New ItemGUID=65949A97-099F-4215-B595-CEAD4DDF8604 Old RevisionGUID=A88E370D-AEEC-4448-995B-A5FFCD9390B3 New RevisionGUID=2329E80E-0376-4F85-AF30-0105B973E548
Change Managed Component Library Link : Designator=R10 Old VaultGUID=03df2295-8bd5-4746-b348-790ea8a0d67d New VaultGUID=03df2295-8bd5-4746-b348-790ea8a0d67d Old ItemGUID=65949A97-099F-4215-B595-CEAD4DDF8604 New ItemGUID=65949A97-099F-4215-B595-CEAD4DDF8604 Old RevisionGUID=A88E370D-AEEC-4448-995B-A5FFCD9390B3 New RevisionGUID=2329E80E-0376-4F85-AF30-0105B973E548
Change Managed Component Library Link : Designator=R11 Old VaultGUID=03df2295-8bd5-4746-b348-790ea8a0d67d New VaultGUID=03df2295-8bd5-4746-b348-790ea8a0d67d Old ItemGUID=65949A97-099F-4215-B595-CEAD4DDF8604 New ItemGUID=65949A97-099F-4215-B595-CEAD4DDF8604 Old RevisionGUID=A88E370D-AEEC-4448-995B-A5FFCD9390B3 New RevisionGUID=2329E80E-0376-4F85-AF30-0105B973E548
Change Managed Component Library Link : Designator=R12 Old VaultGUID=03df2295-8bd5-4746-b348-790ea8a0d67d New VaultGUID=03df2295-8bd5-4746-b348-790ea8a0d67d Old ItemGUID=AD2D5564-BB69-4EEC-8DEE-F5011C44FD4E New ItemGUID=AD2D5564-BB69-4EEC-8DEE-F5011C44FD4E Old RevisionGUID=948E2D05-0AA2-4F40-B5A2-D0CEE15D224C New RevisionGUID=F1859871-59D2-40C9-90F3-35D6CA983225
Change Managed Component Library Link : Designator=R13 Old VaultGUID=03df2295-8bd5-4746-b348-790ea8a0d67d New VaultGUID=03df2295-8bd5-4746-b348-790ea8a0d67d Old ItemGUID=AD2D5564-BB69-4EEC-8DEE-F5011C44FD4E New ItemGUID=AD2D5564-BB69-4EEC-8DEE-F5011C44FD4E Old RevisionGUID=948E2D05-0AA2-4F40-B5A2-D0CEE15D224C New RevisionGUID=F1859871-59D2-40C9-90F3-35D6CA983225
Change Managed Component Library Link : Designator=R14 Old VaultGUID=03df2295-8bd5-4746-b348-790ea8a0d67d New VaultGUID=03df2295-8bd5-4746-b348-790ea8a0d67d Old ItemGUID=D5609AE4-2019-4258-AAE5-3213A50F2D00 New ItemGUID=D5609AE4-2019-4258-AAE5-3213A50F2D00 Old RevisionGUID=86CD8F96-B1C5-4E59-8FC9-52FB3AD93884 New RevisionGUID=691BCDE7-AE50-4385-99D1-7552609203A5
Change Managed Component Library Link : Designator=R15 Old VaultGUID=03df2295-8bd5-4746-b348-790ea8a0d67d New VaultGUID=03df2295-8bd5-4746-b348-790ea8a0d67d Old ItemGUID=D5609AE4-2019-4258-AAE5-3213A50F2D00 New ItemGUID=D5609AE4-2019-4258-AAE5-3213A50F2D00 Old RevisionGUID=86CD8F96-B1C5-4E59-8FC9-52FB3AD93884 New RevisionGUID=691BCDE7-AE50-4385-99D1-7552609203A5
Change Managed Component Library Link : Designator=U1 Old VaultGUID=03df2295-8bd5-4746-b348-790ea8a0d67d New VaultGUID=03df2295-8bd5-4746-b348-790ea8a0d67d Old ItemGUID=D85F604E-13D8-4BC5-B8C8-9AB6700E9E1B New ItemGUID=D85F604E-13D8-4BC5-B8C8-9AB6700E9E1B Old RevisionGUID=663c6ca9-b737-493f-8f49-ece03ad1ee46 New RevisionGUID=95877a3b-af6e-468b-891b-2907d8934a3b
Change component parameters: Designator = "R1" ("R1"); Footprint = "R_0603_B"; UniqueID = "\QBYDOQOP" ("\QBYDOQOP")
Change component parameters (AddParameter): Name = "Creator"; Value = "MSt 26-08-21"; VariantName = "[No Variations]"
Change component parameters (AddParameter): Name = "Distributor"; Value = "Digikey"; VariantName = "[No Variations]"
Change component parameters (AddParameter): Name = "Distributor Ordering Code"; Value = "311-10.0KHRCT-ND"; VariantName = "[No Variations]"
Change component parameters (AddParameter): Name = "Manufacturer"; Value = "Yageo"; VariantName = "[No Variations]"
Change component parameters (AddParameter): Name = "Manufacturer Part Number"; Value = "RC0603FR-0710KL"; VariantName = "[No Variations]"
Change component parameters (AddParameter): Name = "Maximum Operating Temperature"; Value = "155"; VariantName = "[No Variations]"
Change component parameters (AddParameter): Name = "Maximum Voltage"; Value = "150V"; VariantName = "[No Variations]"
Change component parameters (AddParameter): Name = "Minimum Operating Temperature"; Value = "-55"; VariantName = "[No Variations]"
Change component parameters (AddParameter): Name = "Mounting Type"; Value = "SMT"; VariantName = "[No Variations]"
Change component parameters (AddParameter): Name = "Package"; Value = "0603"; VariantName = "[No Variations]"
Change component parameters (AddParameter): Name = "Packaging"; Value = "Cut Tape"; VariantName = "[No Variations]"
Change component parameters (AddParameter): Name = "Pad Count"; Value = "2"; VariantName = "[No Variations]"
Change component parameters (AddParameter): Name = "Power"; Value = "0.1W"; VariantName = "[No Variations]"
Change component parameters (AddParameter): Name = "RoHS"; Value = "Yes"; VariantName = "[No Variations]"
Change component parameters (AddParameter): Name = "Tolerance"; Value = "±1%"; VariantName = "[No Variations]"
Change component parameters (AddParameter): Name = "Value"; Value = "10K"; VariantName = "[No Variations]"
Change component parameters: Designator = "R2" ("R2"); Footprint = "R_0603_B"; UniqueID = "\DESGTQQL" ("\DESGTQQL")
Change component parameters (AddParameter): Name = "Creator"; Value = "MSt 26-08-21"; VariantName = "[No Variations]"
Change component parameters (AddParameter): Name = "Distributor"; Value = "Digikey"; VariantName = "[No Variations]"
Change component parameters (AddParameter): Name = "Distributor Ordering Code"; Value = "311-10.0KHRCT-ND"; VariantName = "[No Variations]"
Change component parameters (AddParameter): Name = "Manufacturer"; Value = "Yageo"; VariantName = "[No Variations]"
Change component parameters (AddParameter): Name = "Manufacturer Part Number"; Value = "RC0603FR-0710KL"; VariantName = "[No Variations]"
Change component parameters (AddParameter): Name = "Maximum Operating Temperature"; Value = "155"; VariantName = "[No Variations]"
Change component parameters (AddParameter): Name = "Maximum Voltage"; Value = "150V"; VariantName = "[No Variations]"
Change component parameters (AddParameter): Name = "Minimum Operating Temperature"; Value = "-55"; VariantName = "[No Variations]"
Change component parameters (AddParameter): Name = "Mounting Type"; Value = "SMT"; VariantName = "[No Variations]"
Change component parameters (AddParameter): Name = "Package"; Value = "0603"; VariantName = "[No Variations]"
Change component parameters (AddParameter): Name = "Packaging"; Value = "Cut Tape"; VariantName = "[No Variations]"
Change component parameters (AddParameter): Name = "Pad Count"; Value = "2"; VariantName = "[No Variations]"
Change component parameters (AddParameter): Name = "Power"; Value = "0.1W"; VariantName = "[No Variations]"
Change component parameters (AddParameter): Name = "RoHS"; Value = "Yes"; VariantName = "[No Variations]"
Change component parameters (AddParameter): Name = "Tolerance"; Value = "±1%"; VariantName = "[No Variations]"
Change component parameters (AddParameter): Name = "Value"; Value = "10K"; VariantName = "[No Variations]"
Change component parameters: Designator = "R3" ("R3"); Footprint = "R_0603_B"; UniqueID = "\SPSMKXNI" ("\SPSMKXNI")
Change component parameters (AddParameter): Name = "Creator"; Value = "MSt 26-08-21"; VariantName = "[No Variations]"
Change component parameters (AddParameter): Name = "Distributor"; Value = "Digikey"; VariantName = "[No Variations]"
Change component parameters (AddParameter): Name = "Distributor Ordering Code"; Value = "311-10.0KHRCT-ND"; VariantName = "[No Variations]"
Change component parameters (AddParameter): Name = "Manufacturer"; Value = "Yageo"; VariantName = "[No Variations]"
Change component parameters (AddParameter): Name = "Manufacturer Part Number"; Value = "RC0603FR-0710KL"; VariantName = "[No Variations]"
Change component parameters (AddParameter): Name = "Maximum Operating Temperature"; Value = "155"; VariantName = "[No Variations]"
Change component parameters (AddParameter): Name = "Maximum Voltage"; Value = "150V"; VariantName = "[No Variations]"
Change component parameters (AddParameter): Name = "Minimum Operating Temperature"; Value = "-55"; VariantName = "[No Variations]"
Change component parameters (AddParameter): Name = "Mounting Type"; Value = "SMT"; VariantName = "[No Variations]"
Change component parameters (AddParameter): Name = "Package"; Value = "0603"; VariantName = "[No Variations]"
Change component parameters (AddParameter): Name = "Packaging"; Value = "Cut Tape"; VariantName = "[No Variations]"
Change component parameters (AddParameter): Name = "Pad Count"; Value = "2"; VariantName = "[No Variations]"
Change component parameters (AddParameter): Name = "Power"; Value = "0.1W"; VariantName = "[No Variations]"
Change component parameters (AddParameter): Name = "RoHS"; Value = "Yes"; VariantName = "[No Variations]"
Change component parameters (AddParameter): Name = "Tolerance"; Value = "±1%"; VariantName = "[No Variations]"
Change component parameters (AddParameter): Name = "Value"; Value = "10K"; VariantName = "[No Variations]"
Change component parameters: Designator = "R4" ("R4"); Footprint = "R_0603_B"; UniqueID = "\MHDPLXLW" ("\MHDPLXLW")
Change component parameters (AddParameter): Name = "Creator"; Value = "MSt 26-08-21"; VariantName = "[No Variations]"
Change component parameters (AddParameter): Name = "Distributor"; Value = "Digikey"; VariantName = "[No Variations]"
Change component parameters (AddParameter): Name = "Distributor Ordering Code"; Value = "311-10.0KHRCT-ND"; VariantName = "[No Variations]"
Change component parameters (AddParameter): Name = "Manufacturer"; Value = "Yageo"; VariantName = "[No Variations]"
Change component parameters (AddParameter): Name = "Manufacturer Part Number"; Value = "RC0603FR-0710KL"; VariantName = "[No Variations]"
Change component parameters (AddParameter): Name = "Maximum Operating Temperature"; Value = "155"; VariantName = "[No Variations]"
Change component parameters (AddParameter): Name = "Maximum Voltage"; Value = "150V"; VariantName = "[No Variations]"
Change component parameters (AddParameter): Name = "Minimum Operating Temperature"; Value = "-55"; VariantName = "[No Variations]"
Change component parameters (AddParameter): Name = "Mounting Type"; Value = "SMT"; VariantName = "[No Variations]"
Change component parameters (AddParameter): Name = "Package"; Value = "0603"; VariantName = "[No Variations]"
Change component parameters (AddParameter): Name = "Packaging"; Value = "Cut Tape"; VariantName = "[No Variations]"
Change component parameters (AddParameter): Name = "Pad Count"; Value = "2"; VariantName = "[No Variations]"
Change component parameters (AddParameter): Name = "Power"; Value = "0.1W"; VariantName = "[No Variations]"
Change component parameters (AddParameter): Name = "RoHS"; Value = "Yes"; VariantName = "[No Variations]"
Change component parameters (AddParameter): Name = "Tolerance"; Value = "±1%"; VariantName = "[No Variations]"
Change component parameters (AddParameter): Name = "Value"; Value = "10K"; VariantName = "[No Variations]"
Change component parameters: Designator = "R5" ("R5"); Footprint = "R_0603_B"; UniqueID = "\GODFNHVM" ("\GODFNHVM")
Change component parameters (AddParameter): Name = "Creator"; Value = "MSt 26-08-21"; VariantName = "[No Variations]"
Change component parameters (AddParameter): Name = "Distributor"; Value = "Digikey"; VariantName = "[No Variations]"
Change component parameters (AddParameter): Name = "Distributor Ordering Code"; Value = "311-10.0KHRCT-ND"; VariantName = "[No Variations]"
Change component parameters (AddParameter): Name = "Manufacturer"; Value = "Yageo"; VariantName = "[No Variations]"
Change component parameters (AddParameter): Name = "Manufacturer Part Number"; Value = "RC0603FR-0710KL"; VariantName = "[No Variations]"
Change component parameters (AddParameter): Name = "Maximum Operating Temperature"; Value = "155"; VariantName = "[No Variations]"
Change component parameters (AddParameter): Name = "Maximum Voltage"; Value = "150V"; VariantName = "[No Variations]"
Change component parameters (AddParameter): Name = "Minimum Operating Temperature"; Value = "-55"; VariantName = "[No Variations]"
Change component parameters (AddParameter): Name = "Mounting Type"; Value = "SMT"; VariantName = "[No Variations]"
Change component parameters (AddParameter): Name = "Package"; Value = "0603"; VariantName = "[No Variations]"
Change component parameters (AddParameter): Name = "Packaging"; Value = "Cut Tape"; VariantName = "[No Variations]"
Change component parameters (AddParameter): Name = "Pad Count"; Value = "2"; VariantName = "[No Variations]"
Change component parameters (AddParameter): Name = "Power"; Value = "0.1W"; VariantName = "[No Variations]"
Change component parameters (AddParameter): Name = "RoHS"; Value = "Yes"; VariantName = "[No Variations]"
Change component parameters (AddParameter): Name = "Tolerance"; Value = "±1%"; VariantName = "[No Variations]"
Change component parameters (AddParameter): Name = "Value"; Value = "10K"; VariantName = "[No Variations]"
Change component parameters: Designator = "R10" ("R10"); Footprint = "R_0603_B"; UniqueID = "\LGDCCGYC" ("\LGDCCGYC")
Change component parameters (AddParameter): Name = "Creator"; Value = "MSt 26-08-21"; VariantName = "[No Variations]"
Change component parameters (AddParameter): Name = "Distributor"; Value = "Digikey"; VariantName = "[No Variations]"
Change component parameters (AddParameter): Name = "Distributor Ordering Code"; Value = "311-10.0KHRCT-ND"; VariantName = "[No Variations]"
Change component parameters (AddParameter): Name = "Manufacturer"; Value = "Yageo"; VariantName = "[No Variations]"
Change component parameters (AddParameter): Name = "Manufacturer Part Number"; Value = "RC0603FR-0710KL"; VariantName = "[No Variations]"
Change component parameters (AddParameter): Name = "Maximum Operating Temperature"; Value = "155"; VariantName = "[No Variations]"
Change component parameters (AddParameter): Name = "Maximum Voltage"; Value = "150V"; VariantName = "[No Variations]"
Change component parameters (AddParameter): Name = "Minimum Operating Temperature"; Value = "-55"; VariantName = "[No Variations]"
Change component parameters (AddParameter): Name = "Mounting Type"; Value = "SMT"; VariantName = "[No Variations]"
Change component parameters (AddParameter): Name = "Package"; Value = "0603"; VariantName = "[No Variations]"
Change component parameters (AddParameter): Name = "Packaging"; Value = "Cut Tape"; VariantName = "[No Variations]"
Change component parameters (AddParameter): Name = "Pad Count"; Value = "2"; VariantName = "[No Variations]"
Change component parameters (AddParameter): Name = "Power"; Value = "0.1W"; VariantName = "[No Variations]"
Change component parameters (AddParameter): Name = "RoHS"; Value = "Yes"; VariantName = "[No Variations]"
Change component parameters (AddParameter): Name = "Tolerance"; Value = "±1%"; VariantName = "[No Variations]"
Change component parameters (AddParameter): Name = "Value"; Value = "10K"; VariantName = "[No Variations]"
Change component parameters: Designator = "R11" ("R11"); Footprint = "R_0603_B"; UniqueID = "\HDTGVHIT" ("\HDTGVHIT")
Change component parameters (AddParameter): Name = "Creator"; Value = "MSt 26-08-21"; VariantName = "[No Variations]"
Change component parameters (AddParameter): Name = "Distributor"; Value = "Digikey"; VariantName = "[No Variations]"
Change component parameters (AddParameter): Name = "Distributor Ordering Code"; Value = "311-10.0KHRCT-ND"; VariantName = "[No Variations]"
Change component parameters (AddParameter): Name = "Manufacturer"; Value = "Yageo"; VariantName = "[No Variations]"
Change component parameters (AddParameter): Name = "Manufacturer Part Number"; Value = "RC0603FR-0710KL"; VariantName = "[No Variations]"
Change component parameters (AddParameter): Name = "Maximum Operating Temperature"; Value = "155"; VariantName = "[No Variations]"
Change component parameters (AddParameter): Name = "Maximum Voltage"; Value = "150V"; VariantName = "[No Variations]"
Change component parameters (AddParameter): Name = "Minimum Operating Temperature"; Value = "-55"; VariantName = "[No Variations]"
Change component parameters (AddParameter): Name = "Mounting Type"; Value = "SMT"; VariantName = "[No Variations]"
Change component parameters (AddParameter): Name = "Package"; Value = "0603"; VariantName = "[No Variations]"
Change component parameters (AddParameter): Name = "Packaging"; Value = "Cut Tape"; VariantName = "[No Variations]"
Change component parameters (AddParameter): Name = "Pad Count"; Value = "2"; VariantName = "[No Variations]"
Change component parameters (AddParameter): Name = "Power"; Value = "0.1W"; VariantName = "[No Variations]"
Change component parameters (AddParameter): Name = "RoHS"; Value = "Yes"; VariantName = "[No Variations]"
Change component parameters (AddParameter): Name = "Tolerance"; Value = "±1%"; VariantName = "[No Variations]"
Change component parameters (AddParameter): Name = "Value"; Value = "10K"; VariantName = "[No Variations]"
Change component parameters: Designator = "R12" ("R12"); Footprint = "R_0603_B"; UniqueID = "\DCYGHXXQ" ("\DCYGHXXQ")
Change component parameters (AddParameter): Name = "Creator"; Value = "MSt 12-11-21"; VariantName = "[No Variations]"
Change component parameters (AddParameter): Name = "Distributor"; Value = "Digikey"; VariantName = "[No Variations]"
Change component parameters (AddParameter): Name = "Distributor Ordering Code"; Value = "311-22.0KHRCT-ND"; VariantName = "[No Variations]"
Change component parameters (AddParameter): Name = "Manufacturer"; Value = "Yageo"; VariantName = "[No Variations]"
Change component parameters (AddParameter): Name = "Manufacturer Part Number"; Value = "RC0603FR-0722KL"; VariantName = "[No Variations]"
Change component parameters (AddParameter): Name = "Maximum Operating Temperature"; Value = "155"; VariantName = "[No Variations]"
Change component parameters (AddParameter): Name = "Maximum Voltage"; Value = "150V"; VariantName = "[No Variations]"
Change component parameters (AddParameter): Name = "Minimum Operating Temperature"; Value = "-55"; VariantName = "[No Variations]"
Change component parameters (AddParameter): Name = "Mounting Type"; Value = "SMT"; VariantName = "[No Variations]"
Change component parameters (AddParameter): Name = "Package"; Value = "0603"; VariantName = "[No Variations]"
Change component parameters (AddParameter): Name = "Packaging"; Value = "Cut Tape"; VariantName = "[No Variations]"
Change component parameters (AddParameter): Name = "Pad Count"; Value = "2"; VariantName = "[No Variations]"
Change component parameters (AddParameter): Name = "Power"; Value = "0.1W"; VariantName = "[No Variations]"
Change component parameters (AddParameter): Name = "RoHS"; Value = "Yes"; VariantName = "[No Variations]"
Change component parameters (AddParameter): Name = "Tolerance"; Value = "±1%"; VariantName = "[No Variations]"
Change component parameters (AddParameter): Name = "Value"; Value = "22K"; VariantName = "[No Variations]"
Change component parameters: Designator = "R13" ("R13"); Footprint = "R_0603_B"; UniqueID = "\PVGANOJK" ("\PVGANOJK")
Change component parameters (AddParameter): Name = "Creator"; Value = "MSt 12-11-21"; VariantName = "[No Variations]"
Change component parameters (AddParameter): Name = "Distributor"; Value = "Digikey"; VariantName = "[No Variations]"
Change component parameters (AddParameter): Name = "Distributor Ordering Code"; Value = "311-22.0KHRCT-ND"; VariantName = "[No Variations]"
Change component parameters (AddParameter): Name = "Manufacturer"; Value = "Yageo"; VariantName = "[No Variations]"
Change component parameters (AddParameter): Name = "Manufacturer Part Number"; Value = "RC0603FR-0722KL"; VariantName = "[No Variations]"
Change component parameters (AddParameter): Name = "Maximum Operating Temperature"; Value = "155"; VariantName = "[No Variations]"
Change component parameters (AddParameter): Name = "Maximum Voltage"; Value = "150V"; VariantName = "[No Variations]"
Change component parameters (AddParameter): Name = "Minimum Operating Temperature"; Value = "-55"; VariantName = "[No Variations]"
Change component parameters (AddParameter): Name = "Mounting Type"; Value = "SMT"; VariantName = "[No Variations]"
Change component parameters (AddParameter): Name = "Package"; Value = "0603"; VariantName = "[No Variations]"
Change component parameters (AddParameter): Name = "Packaging"; Value = "Cut Tape"; VariantName = "[No Variations]"
Change component parameters (AddParameter): Name = "Pad Count"; Value = "2"; VariantName = "[No Variations]"
Change component parameters (AddParameter): Name = "Power"; Value = "0.1W"; VariantName = "[No Variations]"
Change component parameters (AddParameter): Name = "RoHS"; Value = "Yes"; VariantName = "[No Variations]"
Change component parameters (AddParameter): Name = "Tolerance"; Value = "±1%"; VariantName = "[No Variations]"
Change component parameters (AddParameter): Name = "Value"; Value = "22K"; VariantName = "[No Variations]"
Change component parameters: Designator = "R14" ("R14"); Footprint = "R_0603_B"; UniqueID = "\YAJYPBSO" ("\YAJYPBSO")
Change component parameters (AddParameter): Name = "Creator"; Value = "MSt 12-11-21"; VariantName = "[No Variations]"
Change component parameters (AddParameter): Name = "Distributor"; Value = "Digikey"; VariantName = "[No Variations]"
Change component parameters (AddParameter): Name = "Distributor Ordering Code"; Value = "311-47.0KHRCT-ND"; VariantName = "[No Variations]"
Change component parameters (AddParameter): Name = "Manufacturer"; Value = "Yageo"; VariantName = "[No Variations]"
Change component parameters (AddParameter): Name = "Manufacturer Part Number"; Value = "RC0603FR-0747KL"; VariantName = "[No Variations]"
Change component parameters (AddParameter): Name = "Maximum Operating Temperature"; Value = "155"; VariantName = "[No Variations]"
Change component parameters (AddParameter): Name = "Maximum Voltage"; Value = "150V"; VariantName = "[No Variations]"
Change component parameters (AddParameter): Name = "Minimum Operating Temperature"; Value = "-55"; VariantName = "[No Variations]"
Change component parameters (AddParameter): Name = "Mounting Type"; Value = "SMT"; VariantName = "[No Variations]"
Change component parameters (AddParameter): Name = "Package"; Value = "0603"; VariantName = "[No Variations]"
Change component parameters (AddParameter): Name = "Packaging"; Value = "Cut Tape"; VariantName = "[No Variations]"
Change component parameters (AddParameter): Name = "Pad Count"; Value = "2"; VariantName = "[No Variations]"
Change component parameters (AddParameter): Name = "Power"; Value = "0.1W"; VariantName = "[No Variations]"
Change component parameters (AddParameter): Name = "RoHS"; Value = "Yes"; VariantName = "[No Variations]"
Change component parameters (AddParameter): Name = "Tolerance"; Value = "±1%"; VariantName = "[No Variations]"
Change component parameters (AddParameter): Name = "Value"; Value = "47K"; VariantName = "[No Variations]"
Change component parameters: Designator = "R15" ("R15"); Footprint = "R_0603_B"; UniqueID = "\SZTBLPBU" ("\SZTBLPBU")
Change component parameters (AddParameter): Name = "Creator"; Value = "MSt 12-11-21"; VariantName = "[No Variations]"
Change component parameters (AddParameter): Name = "Distributor"; Value = "Digikey"; VariantName = "[No Variations]"
Change component parameters (AddParameter): Name = "Distributor Ordering Code"; Value = "311-47.0KHRCT-ND"; VariantName = "[No Variations]"
Change component parameters (AddParameter): Name = "Manufacturer"; Value = "Yageo"; VariantName = "[No Variations]"
Change component parameters (AddParameter): Name = "Manufacturer Part Number"; Value = "RC0603FR-0747KL"; VariantName = "[No Variations]"
Change component parameters (AddParameter): Name = "Maximum Operating Temperature"; Value = "155"; VariantName = "[No Variations]"
Change component parameters (AddParameter): Name = "Maximum Voltage"; Value = "150V"; VariantName = "[No Variations]"
Change component parameters (AddParameter): Name = "Minimum Operating Temperature"; Value = "-55"; VariantName = "[No Variations]"
Change component parameters (AddParameter): Name = "Mounting Type"; Value = "SMT"; VariantName = "[No Variations]"
Change component parameters (AddParameter): Name = "Package"; Value = "0603"; VariantName = "[No Variations]"
Change component parameters (AddParameter): Name = "Packaging"; Value = "Cut Tape"; VariantName = "[No Variations]"
Change component parameters (AddParameter): Name = "Pad Count"; Value = "2"; VariantName = "[No Variations]"
Change component parameters (AddParameter): Name = "Power"; Value = "0.1W"; VariantName = "[No Variations]"
Change component parameters (AddParameter): Name = "RoHS"; Value = "Yes"; VariantName = "[No Variations]"
Change component parameters (AddParameter): Name = "Tolerance"; Value = "±1%"; VariantName = "[No Variations]"
Change component parameters (AddParameter): Name = "Value"; Value = "47K"; VariantName = "[No Variations]"
Change component parameters: Designator = "U1" ("U1"); Footprint = "MODULE_ESP32-WROOM-32D"; UniqueID = "\DHLJYYHI" ("\DHLJYYHI")
Change component parameters (AddParameter): Name = "Creator"; Value = "MSt 05-10-21"; VariantName = "[No Variations]"
Change component parameters (AddParameter): Name = "Distributor"; Value = "Digikey"; VariantName = "[No Variations]"
Change component parameters (AddParameter): Name = "Distributor Ordering Code"; Value = "1904-1025-1-ND"; VariantName = "[No Variations]"
Change component parameters (AddParameter): Name = "Manufacturer"; Value = "Espressif Systems"; VariantName = "[No Variations]"
Change component parameters (AddParameter): Name = "Manufacturer Part Number"; Value = "ESP32-WROOM-32D (16MB)"; VariantName = "[No Variations]"
Change component parameters (AddParameter): Name = "Maximum Operating Temperature"; Value = "85"; VariantName = "[No Variations]"
Change component parameters (AddParameter): Name = "Minimum Operating Temperature"; Value = "-40"; VariantName = "[No Variations]"
Change component parameters (AddParameter): Name = "Mounting Type"; Value = "SMD"; VariantName = "[No Variations]"
Change component parameters (AddParameter): Name = "Packaging"; Value = "cut tape"; VariantName = "[No Variations]"
Change component parameters (AddParameter): Name = "Pad Count"; Value = "39"; VariantName = "[No Variations]"
Change component parameters (AddParameter): Name = "Placed"; Value = "Yes"; VariantName = "[No Variations]"
Change component parameters (AddParameter): Name = "Revision Status"; Value = "new"; VariantName = "[No Variations]"
Change component parameters (AddParameter): Name = "RoHS"; Value = "Yes"; VariantName = "[No Variations]"
Added Component: Designator=Q2(ONSC-SOT-363-6-419B-02_W_V)
Add component (AddParameter): Name = "Creator"; Value = "MSt 28-11-21"; VariantName = "[No Variations]"
Add component (AddParameter): Name = "Distributor"; Value = "Digikey"; VariantName = "[No Variations]"
Add component (AddParameter): Name = "Distributor Ordering Code"; Value = "1514-CMKT3920TRPBFREECT-ND"; VariantName = "[No Variations]"
Add component (AddParameter): Name = "Manufacturer"; Value = "Central Semiconductor Corp"; VariantName = "[No Variations]"
Add component (AddParameter): Name = "Manufacturer Part Number"; Value = "CMKT3920 TR PBFREE"; VariantName = "[No Variations]"
Add component (AddParameter): Name = "Maximum Operating Temperature"; Value = "150"; VariantName = "[No Variations]"
Add component (AddParameter): Name = "Minimum Operating Temperature"; Value = "-65"; VariantName = "[No Variations]"
Add component (AddParameter): Name = "Mounting Type"; Value = "SMD"; VariantName = "[No Variations]"
Add component (AddParameter): Name = "Packaging"; Value = "cut tape"; VariantName = "[No Variations]"
Add component (AddParameter): Name = "Pad Count"; Value = "6"; VariantName = "[No Variations]"
Add component (AddParameter): Name = "PartId"; Value = "1"; VariantName = "[No Variations]"
Add component (AddParameter): Name = "Placed"; Value = "yes"; VariantName = "[No Variations]"
Add component (AddParameter): Name = "Revision Status"; Value = "new"; VariantName = "[No Variations]"
Add component (AddParameter): Name = "RoHS"; Value = "yes"; VariantName = "[No Variations]"
Added Component: Designator=Q3(ONSC-SOT-363-6-419B-02_W_V)
Add component (AddParameter): Name = "Creator"; Value = "MSt 28-11-21"; VariantName = "[No Variations]"
Add component (AddParameter): Name = "Distributor"; Value = "Digikey"; VariantName = "[No Variations]"
Add component (AddParameter): Name = "Distributor Ordering Code"; Value = "1514-CMKT3920TRPBFREECT-ND"; VariantName = "[No Variations]"
Add component (AddParameter): Name = "Manufacturer"; Value = "Central Semiconductor Corp"; VariantName = "[No Variations]"
Add component (AddParameter): Name = "Manufacturer Part Number"; Value = "CMKT3920 TR PBFREE"; VariantName = "[No Variations]"
Add component (AddParameter): Name = "Maximum Operating Temperature"; Value = "150"; VariantName = "[No Variations]"
Add component (AddParameter): Name = "Minimum Operating Temperature"; Value = "-65"; VariantName = "[No Variations]"
Add component (AddParameter): Name = "Mounting Type"; Value = "SMD"; VariantName = "[No Variations]"
Add component (AddParameter): Name = "Packaging"; Value = "cut tape"; VariantName = "[No Variations]"
Add component (AddParameter): Name = "Pad Count"; Value = "6"; VariantName = "[No Variations]"
Add component (AddParameter): Name = "PartId"; Value = "1"; VariantName = "[No Variations]"
Add component (AddParameter): Name = "Placed"; Value = "yes"; VariantName = "[No Variations]"
Add component (AddParameter): Name = "Revision Status"; Value = "new"; VariantName = "[No Variations]"
Add component (AddParameter): Name = "RoHS"; Value = "yes"; VariantName = "[No Variations]"
Added Component: Designator=Q4(ONSC-SOT-363-6-419B-02_W_V)
Add component (AddParameter): Name = "Creator"; Value = "MSt 28-11-21"; VariantName = "[No Variations]"
Add component (AddParameter): Name = "Distributor"; Value = "Digikey"; VariantName = "[No Variations]"
Add component (AddParameter): Name = "Distributor Ordering Code"; Value = "1514-CMKT3920TRPBFREECT-ND"; VariantName = "[No Variations]"
Add component (AddParameter): Name = "Manufacturer"; Value = "Central Semiconductor Corp"; VariantName = "[No Variations]"
Add component (AddParameter): Name = "Manufacturer Part Number"; Value = "CMKT3920 TR PBFREE"; VariantName = "[No Variations]"
Add component (AddParameter): Name = "Maximum Operating Temperature"; Value = "150"; VariantName = "[No Variations]"
Add component (AddParameter): Name = "Minimum Operating Temperature"; Value = "-65"; VariantName = "[No Variations]"
Add component (AddParameter): Name = "Mounting Type"; Value = "SMD"; VariantName = "[No Variations]"
Add component (AddParameter): Name = "Packaging"; Value = "cut tape"; VariantName = "[No Variations]"
Add component (AddParameter): Name = "Pad Count"; Value = "6"; VariantName = "[No Variations]"
Add component (AddParameter): Name = "PartId"; Value = "1"; VariantName = "[No Variations]"
Add component (AddParameter): Name = "Placed"; Value = "yes"; VariantName = "[No Variations]"
Add component (AddParameter): Name = "Revision Status"; Value = "new"; VariantName = "[No Variations]"
Add component (AddParameter): Name = "RoHS"; Value = "yes"; VariantName = "[No Variations]"
Added Component: Designator=R17(R_0603_B)
Add component (AddParameter): Name = "Creator"; Value = "MSt 26-08-21"; VariantName = "[No Variations]"
Add component (AddParameter): Name = "Distributor"; Value = "Digikey"; VariantName = "[No Variations]"
Add component (AddParameter): Name = "Distributor Ordering Code"; Value = "311-1.00KHRCT-ND"; VariantName = "[No Variations]"
Add component (AddParameter): Name = "Manufacturer"; Value = "Yageo"; VariantName = "[No Variations]"
Add component (AddParameter): Name = "Manufacturer Part Number"; Value = "RC0603FR-071KL"; VariantName = "[No Variations]"
Add component (AddParameter): Name = "Maximum Operating Temperature"; Value = "155"; VariantName = "[No Variations]"
Add component (AddParameter): Name = "Maximum Voltage"; Value = "150V"; VariantName = "[No Variations]"
Add component (AddParameter): Name = "Minimum Operating Temperature"; Value = "-55"; VariantName = "[No Variations]"
Add component (AddParameter): Name = "Mounting Type"; Value = "SMT"; VariantName = "[No Variations]"
Add component (AddParameter): Name = "Package"; Value = "0603"; VariantName = "[No Variations]"
Add component (AddParameter): Name = "Packaging"; Value = "Cut Tape"; VariantName = "[No Variations]"
Add component (AddParameter): Name = "Pad Count"; Value = "2"; VariantName = "[No Variations]"
Add component (AddParameter): Name = "Power"; Value = "0.1W"; VariantName = "[No Variations]"
Add component (AddParameter): Name = "RoHS"; Value = "Yes"; VariantName = "[No Variations]"
Add component (AddParameter): Name = "Tolerance"; Value = "±1%"; VariantName = "[No Variations]"
Add component (AddParameter): Name = "Value"; Value = "1K"; VariantName = "[No Variations]"
Added Component: Designator=R18(R_0603_B)
Add component (AddParameter): Name = "Creator"; Value = "MSt 26-08-21"; VariantName = "[No Variations]"
Add component (AddParameter): Name = "Distributor"; Value = "Digikey"; VariantName = "[No Variations]"
Add component (AddParameter): Name = "Distributor Ordering Code"; Value = "311-10.0KHRCT-ND"; VariantName = "[No Variations]"
Add component (AddParameter): Name = "Manufacturer"; Value = "Yageo"; VariantName = "[No Variations]"
Add component (AddParameter): Name = "Manufacturer Part Number"; Value = "RC0603FR-0710KL"; VariantName = "[No Variations]"
Add component (AddParameter): Name = "Maximum Operating Temperature"; Value = "155"; VariantName = "[No Variations]"
Add component (AddParameter): Name = "Maximum Voltage"; Value = "150V"; VariantName = "[No Variations]"
Add component (AddParameter): Name = "Minimum Operating Temperature"; Value = "-55"; VariantName = "[No Variations]"
Add component (AddParameter): Name = "Mounting Type"; Value = "SMT"; VariantName = "[No Variations]"
Add component (AddParameter): Name = "Package"; Value = "0603"; VariantName = "[No Variations]"
Add component (AddParameter): Name = "Packaging"; Value = "Cut Tape"; VariantName = "[No Variations]"
Add component (AddParameter): Name = "Pad Count"; Value = "2"; VariantName = "[No Variations]"
Add component (AddParameter): Name = "Power"; Value = "0.1W"; VariantName = "[No Variations]"
Add component (AddParameter): Name = "RoHS"; Value = "Yes"; VariantName = "[No Variations]"
Add component (AddParameter): Name = "Tolerance"; Value = "±1%"; VariantName = "[No Variations]"
Add component (AddParameter): Name = "Value"; Value = "10K"; VariantName = "[No Variations]"
Added Component: Designator=R22(R_0603_B)
Add component (AddParameter): Name = "Creator"; Value = "MSt 26-08-21"; VariantName = "[No Variations]"
Add component (AddParameter): Name = "Distributor"; Value = "Digikey"; VariantName = "[No Variations]"
Add component (AddParameter): Name = "Distributor Ordering Code"; Value = "311-10.0KHRCT-ND"; VariantName = "[No Variations]"
Add component (AddParameter): Name = "Manufacturer"; Value = "Yageo"; VariantName = "[No Variations]"
Add component (AddParameter): Name = "Manufacturer Part Number"; Value = "RC0603FR-0710KL"; VariantName = "[No Variations]"
Add component (AddParameter): Name = "Maximum Operating Temperature"; Value = "155"; VariantName = "[No Variations]"
Add component (AddParameter): Name = "Maximum Voltage"; Value = "150V"; VariantName = "[No Variations]"
Add component (AddParameter): Name = "Minimum Operating Temperature"; Value = "-55"; VariantName = "[No Variations]"
Add component (AddParameter): Name = "Mounting Type"; Value = "SMT"; VariantName = "[No Variations]"
Add component (AddParameter): Name = "Package"; Value = "0603"; VariantName = "[No Variations]"
Add component (AddParameter): Name = "Packaging"; Value = "Cut Tape"; VariantName = "[No Variations]"
Add component (AddParameter): Name = "Pad Count"; Value = "2"; VariantName = "[No Variations]"
Add component (AddParameter): Name = "Power"; Value = "0.1W"; VariantName = "[No Variations]"
Add component (AddParameter): Name = "RoHS"; Value = "Yes"; VariantName = "[No Variations]"
Add component (AddParameter): Name = "Tolerance"; Value = "±1%"; VariantName = "[No Variations]"
Add component (AddParameter): Name = "Value"; Value = "10K"; VariantName = "[No Variations]"
Added Component: Designator=R23(R_0603_B)
Add component (AddParameter): Name = "Creator"; Value = "MSt 26-08-21"; VariantName = "[No Variations]"
Add component (AddParameter): Name = "Distributor"; Value = "Digikey"; VariantName = "[No Variations]"
Add component (AddParameter): Name = "Distributor Ordering Code"; Value = "311-1.00KHRCT-ND"; VariantName = "[No Variations]"
Add component (AddParameter): Name = "Manufacturer"; Value = "Yageo"; VariantName = "[No Variations]"
Add component (AddParameter): Name = "Manufacturer Part Number"; Value = "RC0603FR-071KL"; VariantName = "[No Variations]"
Add component (AddParameter): Name = "Maximum Operating Temperature"; Value = "155"; VariantName = "[No Variations]"
Add component (AddParameter): Name = "Maximum Voltage"; Value = "150V"; VariantName = "[No Variations]"
Add component (AddParameter): Name = "Minimum Operating Temperature"; Value = "-55"; VariantName = "[No Variations]"
Add component (AddParameter): Name = "Mounting Type"; Value = "SMT"; VariantName = "[No Variations]"
Add component (AddParameter): Name = "Package"; Value = "0603"; VariantName = "[No Variations]"
Add component (AddParameter): Name = "Packaging"; Value = "Cut Tape"; VariantName = "[No Variations]"
Add component (AddParameter): Name = "Pad Count"; Value = "2"; VariantName = "[No Variations]"
Add component (AddParameter): Name = "Power"; Value = "0.1W"; VariantName = "[No Variations]"
Add component (AddParameter): Name = "RoHS"; Value = "Yes"; VariantName = "[No Variations]"
Add component (AddParameter): Name = "Tolerance"; Value = "±1%"; VariantName = "[No Variations]"
Add component (AddParameter): Name = "Value"; Value = "1K"; VariantName = "[No Variations]"
Added Component: Designator=R24(R_0603_B)
Add component (AddParameter): Name = "Creator"; Value = "MSt 26-08-21"; VariantName = "[No Variations]"
Add component (AddParameter): Name = "Distributor"; Value = "Digikey"; VariantName = "[No Variations]"
Add component (AddParameter): Name = "Distributor Ordering Code"; Value = "311-10.0KHRCT-ND"; VariantName = "[No Variations]"
Add component (AddParameter): Name = "Manufacturer"; Value = "Yageo"; VariantName = "[No Variations]"
Add component (AddParameter): Name = "Manufacturer Part Number"; Value = "RC0603FR-0710KL"; VariantName = "[No Variations]"
Add component (AddParameter): Name = "Maximum Operating Temperature"; Value = "155"; VariantName = "[No Variations]"
Add component (AddParameter): Name = "Maximum Voltage"; Value = "150V"; VariantName = "[No Variations]"
Add component (AddParameter): Name = "Minimum Operating Temperature"; Value = "-55"; VariantName = "[No Variations]"
Add component (AddParameter): Name = "Mounting Type"; Value = "SMT"; VariantName = "[No Variations]"
Add component (AddParameter): Name = "Package"; Value = "0603"; VariantName = "[No Variations]"
Add component (AddParameter): Name = "Packaging"; Value = "Cut Tape"; VariantName = "[No Variations]"
Add component (AddParameter): Name = "Pad Count"; Value = "2"; VariantName = "[No Variations]"
Add component (AddParameter): Name = "Power"; Value = "0.1W"; VariantName = "[No Variations]"
Add component (AddParameter): Name = "RoHS"; Value = "Yes"; VariantName = "[No Variations]"
Add component (AddParameter): Name = "Tolerance"; Value = "±1%"; VariantName = "[No Variations]"
Add component (AddParameter): Name = "Value"; Value = "10K"; VariantName = "[No Variations]"
Add Pin To Net: Unknown Pin: Pin D1-1
Add Pin To Net: Unknown Pin: Pin D1-2
Add Pin To Net: Unknown Pin: Pin D2-1
Add Pin To Net: Unknown Pin: Pin D2-2
Add Pin To Net: Unknown Pin: Pin D4-1
Add Pin To Net: Unknown Pin: Pin D4-2
Add Pin To Net: Unknown Pin: Pin D6-1
Add Pin To Net: Unknown Pin: Pin D6-2
Added Pin To Net: NetName=GND Pin=Q2-1
Added Pin To Net: NetName=NetD2_2 Pin=Q2-4
Added Pin To Net: NetName=GND Pin=Q2-5
Added Pin To Net: NetName=NetD2_2 Pin=Q2-6
Added Pin To Net: NetName=GND Pin=Q3-1
Added Pin To Net: NetName=NetD4_2 Pin=Q3-4
Added Pin To Net: NetName=GND Pin=Q3-5
Added Pin To Net: NetName=NetD4_2 Pin=Q3-6
Added Pin To Net: NetName=GND Pin=Q4-1
Added Pin To Net: NetName=NetD6_2 Pin=Q4-4
Added Pin To Net: NetName=GND Pin=Q4-5
Added Pin To Net: NetName=NetD6_2 Pin=Q4-6
Added Pin To Net: NetName=NetR17_2 Pin=R17-2
Added Pin To Net: NetName=GND Pin=R18-1
Added Pin To Net: NetName=GND Pin=R22-1
Added Pin To Net: NetName=NetR23_2 Pin=R23-2
Added Pin To Net: NetName=GND Pin=R24-1
Added Pin To Net: NetName=B1 Pin=Q3-2
Added Pin To Net: NetName=B1 Pin=Q3-3
Added Pin To Net: NetName=B1 Pin=R21-1
Added Pin To Net: NetName=B1 Pin=R22-2
Added Net: Name=B1
Added Pin To Net: NetName=B2 Pin=Q2-2
Added Pin To Net: NetName=B2 Pin=Q2-3
Added Pin To Net: NetName=B2 Pin=R17-1
Added Pin To Net: NetName=B2 Pin=R18-2
Added Net: Name=B2
Added Pin To Net: NetName=B3 Pin=Q4-2
Added Pin To Net: NetName=B3 Pin=Q4-3
Added Pin To Net: NetName=B3 Pin=R23-1
Added Pin To Net: NetName=B3 Pin=R24-2
Added Net: Name=B3
